2019-08-30 15:35:18 开始下载 containers-common-0.1.37-1.el7.centos.x86_64.rpm, 大小为 21K 
2019-08-30 15:35:18 开始下载 cpaste-1.0.0-2.el7.x86_64.rpm, 大小为 37K 
2019-08-30 15:35:18 开始下载 createrepo_c-0.10.0-18.el7.x86_64.rpm, 大小为 65K 
2019-08-30 15:35:18 开始下载 createrepo_c-0.9.0-1.el7.centos.x86_64.rpm, 大小为 68K 
2019-08-30 15:35:18 开始下载 createrepo_c-devel-0.10.0-18.el7.x86_64.rpm, 大小为 263K 
2019-08-30 15:35:18 开始下载 createrepo_c-devel-0.9.0-1.el7.centos.x86_64.rpm, 大小为 266K 
2019-08-30 15:35:19 开始下载 createrepo_c-libs-0.10.0-18.el7.x86_64.rpm, 大小为 89K 
2019-08-30 15:35:19 开始下载 createrepo_c-libs-0.9.0-1.el7.centos.x86_64.rpm, 大小为 85K 
2019-08-30 15:35:19 开始下载 dnf-2.7.5-17.el7.noarch.rpm, 大小为 332K 
2019-08-30 15:35:19 开始下载 dnf-2.7.5-19.el7_6.noarch.rpm, 大小为 332K 
2019-08-30 15:35:19 开始下载 dnf-4.0.9.2-1.el7_6.noarch.rpm, 大小为 357K 
2019-08-30 15:35:20 开始下载 dnf-automatic-2.7.5-17.el7.noarch.rpm, 大小为 48K 
2019-08-30 15:35:20 开始下载 dnf-automatic-2.7.5-19.el7_6.noarch.rpm, 大小为 48K 
2019-08-30 15:35:20 开始下载 dnf-automatic-4.0.9.2-1.el7_6.noarch.rpm, 大小为 49K 
2019-08-30 15:35:20 开始下载 dnf-data-2.7.5-17.el7.noarch.rpm, 大小为 49K 
2019-08-30 15:35:20 开始下载 dnf-data-2.7.5-19.el7_6.noarch.rpm, 大小为 50K 
2019-08-30 15:35:20 开始下载 dnf-data-4.0.9.2-1.el7_6.noarch.rpm, 大小为 51K 
2019-08-30 15:35:20 开始下载 dnf-plugins-core-2.1.5-5.el7.noarch.rpm, 大小为 48K 
2019-08-30 15:35:20 开始下载 dnf-plugins-core-4.0.2.2-3.el7_6.noarch.rpm, 大小为 51K 
2019-08-30 15:35:20 开始下载 docker-1.13.1-102.git7f2769b.el7.centos.x86_64.rpm, 大小为 18M 
2019-08-30 15:35:31 开始下载 docker-1.13.1-75.git8633870.el7.centos.x86_64.rpm, 大小为 16M 
2019-08-30 15:35:42 开始下载 docker-1.13.1-84.git07f3374.el7.centos.x86_64.rpm, 大小为 16M 
2019-08-30 15:43:53 开始下载 kernel-debug-debuginfo-3.10.0-123.1.2.el7.x86_64.rpm, 大小为 255M 
