{"time": "2019-08-12 22:25:20", "s_user": "ali", "d_user": "tom", "cost": -30000, "balance": 8862.0, "type": "transfer", "id": "t20190812222520DFch", "des": "transfer"}
{"time": "2019-08-12 22:27:37", "s_user": "ali", "d_user": "tom", "cost": -800, "balance": 8062.0, "type": "transfer", "id": "t20190812222737qFdT", "des": "transfer"}
{"time": "2019-08-12 22:29:17", "s_user": "ali", "d_user": "tom", "cost": -8000, "balance": 62.0, "type": "transfer", "id": "t20190812222917HfJG", "des": "transfer"}
{"time": "2019-08-12 22:30:15", "s_user": "tom", "d_user": "ali", "cost": -100000, "balance": 88774.5, "type": "transfer", "id": "t201908122230154RyF", "des": "transfer"}
{"time": "2019-08-12 22:44:04", "s_user": "ali", "d_user": "tom", "cost": -62, "balance": 100000.0, "type": "transfer", "id": "t20190812224404hIMX", "des": "transfer"}
{"time": "2019-08-13 09:28:36", "s_user": "ali", "d_user": "tom", "cost": -10, "balance": 99990.0, "type": "transfer", "id": "t20190813092836sN02", "des": "transfer"}
{"time": "2019-08-13 11:55:06", "s_user": "ali", "d_user": "tom", "cost": -100, "balance": 99890.0, "type": "transfer", "id": "t20190813115506aZp7", "des": "transfer"}
{"time": "2019-08-13 13:01", "user": "ali", "cost": -100, "balance": 99785.0, "type": "internet payment", "id": "a20190813130145LHTs", "des": "dfsflkl"}
{"time": "2019-08-13 13:05", "user": "ali", "cost": -100, "balance": 99680.0, "type": "internet payment", "id": "a20190813130507olgQ", "des": "dfsflkl"}
{"time": "2019-08-13 13:05", "user": "ali", "cost": -100, "balance": 99575.0, "type": "internet payment", "id": "a20190813130544BYrC", "des": "dfsflkl"}
{"time": "2019-08-13 13:06", "user": "ali", "cost": -34000, "balance": 63875.0, "type": "internet payment", "id": "a20190813130638cxv9", "des": "s20190813130633avb8"}
{"time": "2019-08-13 13:10:46", "s_user": "ali", "d_user": "tom", "cost": -875, "balance": 63000.0, "type": "transfer", "id": "t20190813131046R5h2", "des": "transfer"}
{"time": "2019-08-13 15:07:53", "user": "ali", "type": "repayment", "cost": 552, "balance": 1163303.0, "des": "repayment", "event_id": "s20190813150753FSN5"}
{"time": "2019-08-13 15:10:01", "user": "ali", "type": "repayment", "cost": 5, "balance": 1163360.0, "des": "repayment", "event_id": "s20190813151001yqel"}
{"time": "2019-08-13 15:10:37", "user": "ali", "type": "repayment", "cost": "52", "balance": 1163412.0, "des": "repayment", "event_id": "s20190813151037Mx9s"}
{"time": "2019-08-13 15:11:47", "user": "ali", "type": "repayment", "cost": "+5", "balance": 1163422.0, "des": "repayment", "event_id": "s201908131511475uha"}
{"time": "2019-08-13 15:12:31", "user": "ali", "type": "repayment", "cost": "+1", "balance": 1163423.0, "des": "repayment", "event_id": "s201908131512313Kps"}
{"time": "2019-08-13 15:14:16", "user": "ali", "type": "repayment", "cost": "+5", "balance": 1163428.0, "des": "repayment", "event_id": "s20190813151416eWHN"}
{"time": "2019-08-13 15:16:37", "user": "ali", "type": "repayment", "cost": "+32", "balance": 1163460.0, "des": "repayment", "event_id": "s201908131516370UIv"}
{"time": "2019-08-13 15:17:21", "s_user": "ali", "d_user": "tom", "cost": -100000, "balance": 1063460.0, "type": "transfer", "id": "t20190813151721cR9t", "des": "transfer"}
{"time": "2019-08-13 15:24:31", "user": "ali", "cost": -1, "balance": 1063459.0, "type": "transfer", "id": "t20190813152431G6wQ", "des": "transfer"}
{"time": "2019-08-13 15:25:05", "user": "tom", "balance": 189823.5, "type": "transfer", "id": "t20190813152505X8oR", "des": "transfer"}
{"time": "2019-08-13 15:28:10", "user": "ali", "cost": -1, "balance": 1063457.0, "type": "transfer", "id": "t20190813152810WSHE", "des": "transfer"}
{"time": "2019-08-13 15:28:40", "user": "tom", "cost": "+1", "balance": 189825.5, "type": "transfer", "id": "t20190813152840eRch", "des": "transfer"}
{"time": "2019-08-13 15:30:07", "user": "ali", "cost": -1, "balance": 1063455.0, "type": "transfer", "id": "t20190813153007Hvxo", "des": "transfer"}
{"time": "2019-08-13 15:32:57", "user": "tom", "cost": "+1", "balance": 189828.5, "type": "transfer", "id": "t20190813153257Ncxs", "des": "alito transfer"}
